<?xml version="1.0" encoding="UTF-8"?>
<!-- Generated by org.testng.reporters.JUnitXMLReporter -->
<testsuite hostname="LAPTOP-92M5C8NJ" failures="0" tests="5" name="Default test" time="105.809" errors="0" timestamp="19 Sep 2018 01:55:47 GMT">
  <testcase classname="QAClickAcademy.HomepageBtnTest" name="LinktoLogin" time="33.039"/>
  <testcase classname="QAClickAcademy.HomepageBtnTest" name="logincreds" time="22.635"/>
  <testcase classname="QAClickAcademy.HomepageBtnTest" name="logincreds" time="22.423"/>
  <testcase classname="QAClickAcademy.HomepageBtnTest" name="logincreds" time="22.31"/>
  <testcase classname="QAClickAcademy.HomepageBtnTest" name="logincreds" time="0.584"/>
</testsuite> <!-- Default test -->
