<?xml version="1.0" encoding="UTF-8"?>
<testng-results total="2" passed="2" failed="0" skipped="0">
  <reporter-output>
  </reporter-output>
  <suite started-at="2018-09-19T20:57:30Z" name="Default suite" finished-at="2018-09-19T20:58:27Z" duration-ms="57333">
    <groups>
    </groups>
    <test started-at="2018-09-19T20:57:30Z" name="Default test" finished-at="2018-09-19T20:58:27Z" duration-ms="57333">
      <class name="QAClickAcademy.Validate_Login">
        <test-method is-config="true" signature="initiate_browser()[pri:0, instance:QAClickAcademy.Validate_Login@6ad82709]" started-at="2018-09-19T13:57:30Z" name="initiate_browser" finished-at="2018-09-19T13:57:32Z" duration-ms="2490" status="PASS">
          <reporter-output>
          </reporter-output>
        </test-method> <!-- initiate_browser -->
        <test-method signature="LinktoLogin()[pri:0, instance:QAClickAcademy.Validate_Login@6ad82709]" started-at="2018-09-19T13:57:32Z" name="LinktoLogin" finished-at="2018-09-19T13:58:01Z" duration-ms="28542" status="PASS">
          <reporter-output>
          </reporter-output>
        </test-method> <!-- LinktoLogin -->
        <test-method signature="logincreds()[pri:0, instance:QAClickAcademy.Validate_Login@6ad82709]" started-at="2018-09-19T13:58:01Z" name="logincreds" finished-at="2018-09-19T13:58:25Z" duration-ms="23974" status="PASS">
          <reporter-output>
          </reporter-output>
        </test-method> <!-- logincreds -->
        <test-method is-config="true" signature="close_browser()[pri:0, instance:QAClickAcademy.Validate_Login@6ad82709]" started-at="2018-09-19T13:58:25Z" name="close_browser" finished-at="2018-09-19T13:58:27Z" duration-ms="2317" status="PASS">
          <reporter-output>
          </reporter-output>
        </test-method> <!-- close_browser -->
      </class> <!-- QAClickAcademy.Validate_Login -->
    </test> <!-- Default test -->
  </suite> <!-- Default suite -->
</testng-results>
